  main.cpp
main.obj : error LNK2019: unresolved external symbol __imp__wglCreateContext@4 referenced in function "long __stdcall WndProc(struct HWND__ *,unsigned int,unsigned int,long)" (?WndProc@@YGJPAUHWND__@@IIJ@Z)
main.obj : error LNK2019: unresolved external symbol __imp__wglDeleteContext@4 referenced in function "long __stdcall WndProc(struct HWND__ *,unsigned int,unsigned int,long)" (?WndProc@@YGJPAUHWND__@@IIJ@Z)
main.obj : error LNK2019: unresolved external symbol __imp__wglMakeCurrent@8 referenced in function "long __stdcall WndProc(struct HWND__ *,unsigned int,unsigned int,long)" (?WndProc@@YGJPAUHWND__@@IIJ@Z)
main.obj : error LNK2019: unresolved external symbol __imp__glBegin@4 referenced in function "void __cdecl DrawCube(float,float,float)" (?DrawCube@@YAXMMM@Z)
main.obj : error LNK2019: unresolved external symbol __imp__glClear@4 referenced in function "void __cdecl Render(void)" (?Render@@YAXXZ)
main.obj : error LNK2019: unresolved external symbol __imp__glClearColor@16 referenced in function "void __cdecl Render(void)" (?Render@@YAXXZ)
main.obj : error LNK2019: unresolved external symbol __imp__glColor3f@12 referenced in function "void __cdecl DrawArm(float,float,float)" (?DrawArm@@YAXMMM@Z)
main.obj : error LNK2019: unresolved external symbol __imp__glEnable@4 referenced in function "void __cdecl Render(void)" (?Render@@YAXXZ)
main.obj : error LNK2019: unresolved external symbol __imp__glEnd@0 referenced in function "void __cdecl DrawCube(float,float,float)" (?DrawCube@@YAXMMM@Z)
main.obj : error LNK2019: unresolved external symbol __imp__glFlush@0 referenced in function "void __cdecl Render(void)" (?Render@@YAXXZ)
main.obj : error LNK2019: unresolved external symbol __imp__glLoadIdentity@0 referenced in function "void __cdecl Render(void)" (?Render@@YAXXZ)
main.obj : error LNK2019: unresolved external symbol __imp__glMatrixMode@4 referenced in function "long __stdcall WndProc(struct HWND__ *,unsigned int,unsigned int,long)" (?WndProc@@YGJPAUHWND__@@IIJ@Z)
main.obj : error LNK2019: unresolved external symbol __imp__glPopMatrix@0 referenced in function "void __cdecl DrawArm(float,float,float)" (?DrawArm@@YAXMMM@Z)
main.obj : error LNK2019: unresolved external symbol __imp__glPushMatrix@0 referenced in function "void __cdecl DrawArm(float,float,float)" (?DrawArm@@YAXMMM@Z)
main.obj : error LNK2019: unresolved external symbol __imp__glRotatef@16 referenced in function "void __cdecl DrawRobot(float,float,float)" (?DrawRobot@@YAXMMM@Z)
main.obj : error LNK2019: unresolved external symbol __imp__glScalef@12 referenced in function "void __cdecl DrawArm(float,float,float)" (?DrawArm@@YAXMMM@Z)
main.obj : error LNK2019: unresolved external symbol __imp__glTranslatef@12 referenced in function "void __cdecl DrawArm(float,float,float)" (?DrawArm@@YAXMMM@Z)
main.obj : error LNK2019: unresolved external symbol __imp__glVertex3f@12 referenced in function "void __cdecl DrawCube(float,float,float)" (?DrawCube@@YAXMMM@Z)
main.obj : error LNK2019: unresolved external symbol __imp__glViewport@16 referenced in function "long __stdcall WndProc(struct HWND__ *,unsigned int,unsigned int,long)" (?WndProc@@YGJPAUHWND__@@IIJ@Z)
main.obj : error LNK2019: unresolved external symbol _gluPerspective@32 referenced in function "long __stdcall WndProc(struct HWND__ *,unsigned int,unsigned int,long)" (?WndProc@@YGJPAUHWND__@@IIJ@Z)
D:\OpenGLvsVulkan\OpenGLvsVulkanProject\OpenGL\Debug\OpenGL.exe : fatal error LNK1120: 20 unresolved externals
